<?xml version="1.0" encoding="UTF-8"?>
<testsuite name="com.example.project.TestHorseBarn" tests="4" skipped="0" failures="0" errors="0" timestamp="2025-01-08T00:16:39" hostname="codespaces-0a95be" time="0.094">
  <properties/>
  <testcase name="testHorseBarnConstructorAndGetStalls()" classname="com.example.project.TestHorseBarn" time="0.026"/>
  <testcase name="testPlaceHorseAndFindHorseStall()" classname="com.example.project.TestHorseBarn" time="0.001"/>
  <testcase name="testHorseBarnInfo()" classname="com.example.project.TestHorseBarn" time="0.058"/>
  <testcase name="testConsolidate()" classname="com.example.project.TestHorseBarn" time="0.002"/>
  <system-out><![CDATA[]]></system-out>
  <system-err><![CDATA[]]></system-err>
</testsuite>
