<?xml version="1.0" encoding="UTF-8"?>
<testsuite name="com.example.project.TestTriangle" tests="3" skipped="0" failures="0" errors="0" timestamp="2025-01-07T01:11:31" hostname="codespaces-0a95be" time="0.059">
  <properties/>
  <testcase name="testConstructorAndGetVertices()" classname="com.example.project.TestTriangle" time="0.003"/>
  <testcase name="testTriangleInfo()" classname="com.example.project.TestTriangle" time="0.029"/>
  <testcase name="testPerimeter()" classname="com.example.project.TestTriangle" time="0.007"/>
  <system-out><![CDATA[]]></system-out>
  <system-err><![CDATA[]]></system-err>
</testsuite>
