<?xml version="1.0" encoding="UTF-8"?>
<testsuite name="com.example.project.TestPoint" tests="3" skipped="0" failures="0" errors="0" timestamp="2025-01-07T01:11:31" hostname="codespaces-0a95be" time="0.047">
  <properties/>
  <testcase name="testPointInfo()" classname="com.example.project.TestPoint" time="0.034"/>
  <testcase name="testDistanceTo()" classname="com.example.project.TestPoint" time="0.003"/>
  <testcase name="testConstructor()" classname="com.example.project.TestPoint" time="0.002"/>
  <system-out><![CDATA[]]></system-out>
  <system-err><![CDATA[]]></system-err>
</testsuite>
