<?xml version="1.0" encoding="UTF-8"?>
<testsuite name="com.example.project.TestPoint" tests="3" skipped="0" failures="0" errors="0" timestamp="2025-01-08T00:16:40" hostname="codespaces-0a95be" time="0.037">
  <properties/>
  <testcase name="testPointInfo()" classname="com.example.project.TestPoint" time="0.025"/>
  <testcase name="testDistanceTo()" classname="com.example.project.TestPoint" time="0.004"/>
  <testcase name="testConstructor()" classname="com.example.project.TestPoint" time="0.0"/>
  <system-out><![CDATA[]]></system-out>
  <system-err><![CDATA[]]></system-err>
</testsuite>
