<?xml version="1.0" encoding="UTF-8"?>
<testsuite name="com.example.project.TestFibonacci" tests="5" skipped="0" failures="0" errors="0" timestamp="2025-01-07T01:11:31" hostname="codespaces-0a95be" time="0.145">
  <properties/>
  <testcase name="testGetIndexOf()" classname="com.example.project.TestFibonacci" time="0.055"/>
  <testcase name="testGetSequence()" classname="com.example.project.TestFibonacci" time="0.003"/>
  <testcase name="testExtendBy()" classname="com.example.project.TestFibonacci" time="0.01"/>
  <testcase name="testFibonacciString()" classname="com.example.project.TestFibonacci" time="0.043"/>
  <testcase name="testConstructor()" classname="com.example.project.TestFibonacci" time="0.001"/>
  <system-out><![CDATA[]]></system-out>
  <system-err><![CDATA[]]></system-err>
</testsuite>
